<?xml version="1.0" encoding="UTF-8"?>
<testsuite xmlns:xsi="http://www.w3.org/2001/XMLSchema-instance" xsi:noNamespaceSchemaLocation="https://maven.apache.org/surefire/maven-surefire-plugin/xsd/surefire-test-report.xsd" name="org.halx.listMyStuffs.ListMyStuffsApplicationTests" time="0.462" tests="1" errors="0" skipped="1" failures="0">
  <properties>
[...]
</properties>
  <testcase name="contextLoads" classname="org.halx.listMyStuffs.ListMyStuffsApplicationTests" time="0">
    <skipped/>
    <system-out><![CDATA[18:18:09.863 [main] DEBUG org.springframework.test.context.junit4.SpringJUnit4ClassRunner - SpringJUnit4ClassRunner constructor called with [class org.halx.listMyStuffs.ListMyStuffsApplicationTests]
18:18:09.868 [main] DEBUG org.springframework.test.context.BootstrapUtils - Instantiating CacheAwareContextLoaderDelegate from class [org.springframework.test.context.cache.DefaultCacheAwareContextLoaderDelegate]
18:18:09.875 [main] DEBUG org.springframework.test.context.BootstrapUtils - Instantiating BootstrapContext using constructor [public org.springframework.test.context.support.DefaultBootstrapContext(java.lang.Class,org.springframework.test.context.CacheAwareContextLoaderDelegate)]
18:18:09.892 [main] DEBUG org.springframework.test.context.BootstrapUtils - Instantiating TestContextBootstrapper for test class [org.halx.listMyStuffs.ListMyStuffsApplicationTests] from class [org.springframework.boot.test.context.SpringBootTestContextBootstrapper]
18:18:09.903 [main] INFO org.springframework.boot.test.context.SpringBootTestContextBootstrapper - Neither @ContextConfiguration nor @ContextHierarchy found for test class [org.halx.listMyStuffs.ListMyStuffsApplicationTests], using SpringBootContextLoader
18:18:09.905 [main] DEBUG org.springframework.test.context.support.AbstractContextLoader - Did not detect default resource location for test class [org.halx.listMyStuffs.ListMyStuffsApplicationTests]: class path resource [org/halx/listMyStuffs/ListMyStuffsApplicationTests-context.xml] does not exist
18:18:09.906 [main] DEBUG org.springframework.test.context.support.AbstractContextLoader - Did not detect default resource location for test class [org.halx.listMyStuffs.ListMyStuffsApplicationTests]: class path resource [org/halx/listMyStuffs/ListMyStuffsApplicationTestsContext.groovy] does not exist
18:18:09.906 [main] INFO org.springframework.test.context.support.AbstractContextLoader - Could not detect default resource locations for test class [org.halx.listMyStuffs.ListMyStuffsApplicationTests]: no resource found for suffixes {-context.xml, Context.groovy}.
18:18:09.907 [main] INFO org.springframework.test.context.support.AnnotationConfigContextLoaderUtils - Could not detect default configuration classes for test class [org.halx.listMyStuffs.ListMyStuffsApplicationTests]: ListMyStuffsApplicationTests does not declare any static, non-private, non-final, nested classes annotated with @Configuration.
18:18:09.945 [main] DEBUG org.springframework.test.context.support.ActiveProfilesUtils - Could not find an 'annotation declaring class' for annotation type [org.springframework.test.context.ActiveProfiles] and class [org.halx.listMyStuffs.ListMyStuffsApplicationTests]
18:18:09.954 [main] DEBUG org.springframework.core.env.StandardEnvironment - Adding PropertySource 'systemProperties' with lowest search precedence
18:18:09.954 [main] DEBUG org.springframework.core.env.StandardEnvironment - Adding PropertySource 'systemEnvironment' with lowest search precedence
18:18:09.955 [main] DEBUG org.springframework.core.env.StandardEnvironment - Initialized StandardEnvironment with PropertySources [MapPropertySource@942518407 {name='systemProperties', properties={idea.version=2018.2.5, java.runtime.name=Java(TM) SE Runtime Environment, sun.boot.library.path=/Library/Java/JavaVirtualMachines/jdk1.8.0_144.jdk/Contents/Home/jre/lib, java.vm.version=25.144-b01, gopherProxySet=false, java.vm.vendor=Oracle Corporation, java.vendor.url=http://java.oracle.com/, path.separator=:, java.vm.name=Java HotSpot(TM) 64-Bit Server VM, file.encoding.pkg=sun.io, user.country=FR, sun.java.launcher=SUN_STANDARD, sun.os.patch.level=unknown, java.vm.specification.name=Java Virtual Machine Specification, user.dir=/Users/halx/workspace/listMyStuffs, java.runtime.version=1.8.0_144-b01, basedir=/Users/halx/workspace/listMyStuffs, java.awt.graphicsenv=sun.awt.CGraphicsEnvironment, java.endorsed.dirs=/Library/Java/JavaVirtualMachines/jdk1.8.0_144.jdk/Contents/Home/jre/lib/endorsed, os.arch=x86_64, surefire.real.class.path=/Users/halx/workspace/listMyStuffs/target/surefire/surefirebooter8511351661616246789.jar, java.io.tmpdir=/var/folders/bh/zf62b885659_y32rk3d1gq200000gn/T/, line.separator=
, java.vm.specification.vendor=Oracle Corporation, os.name=Mac OS X, sun.jnu.encoding=UTF-8, java.library.path=/Users/halx/Library/Java/Extensions:/Library/Java/Extensions:/Network/Library/Java/Extensions:/System/Library/Java/Extensions:/usr/lib/java:., surefire.test.class.path=/Users/halx/workspace/listMyStuffs/target/test-classes:/Users/halx/workspace/listMyStuffs/target/classes:/Users/halx/.m2/repository/org/springframework/boot/spring-boot-starter-data-jpa/2.0.4.RELEASE/spring-boot-starter-data-jpa-2.0.4.RELEASE.jar:/Users/halx/.m2/repository/org/springframework/boot/spring-boot-starter/2.0.4.RELEASE/spring-boot-starter-2.0.4.RELEASE.jar:/Users/halx/.m2/repository/org/springframework/boot/spring-boot/2.0.4.RELEASE/spring-boot-2.0.4.RELEASE.jar:/Users/halx/.m2/repository/org/springframework/boot/spring-boot-autoconfigure/2.0.4.RELEASE/spring-boot-autoconfigure-2.0.4.RELEASE.jar:/Users/halx/.m2/repository/org/springframework/boot/spring-boot-starter-logging/2.0.4.RELEASE/spring-boot-starter-logging-2.0.4.RELEASE.jar:/Users/halx/.m2/repository/ch/qos/logback/logback-classic/1.2.3/logback-classic-1.2.3.jar:/Users/halx/.m2/repository/ch/qos/logback/logback-core/1.2.3/logback-core-1.2.3.jar:/Users/halx/.m2/repository/org/apache/logging/log4j/log4j-to-slf4j/2.10.0/log4j-to-slf4j-2.10.0.jar:/Users/halx/.m2/repository/org/apache/logging/log4j/log4j-api/2.10.0/log4j-api-2.10.0.jar:/Users/halx/.m2/repository/org/slf4j/jul-to-slf4j/1.7.25/jul-to-slf4j-1.7.25.jar:/Users/halx/.m2/repository/javax/annotation/javax.annotation-api/1.3.2/javax.annotation-api-1.3.2.jar:/Users/halx/.m2/repository/org/yaml/snakeyaml/1.19/snakeyaml-1.19.jar:/Users/halx/.m2/repository/org/springframework/boot/spring-boot-starter-aop/2.0.4.RELEASE/spring-boot-starter-aop-2.0.4.RELEASE.jar:/Users/halx/.m2/repository/org/springframework/spring-aop/5.0.8.RELEASE/spring-aop-5.0.8.RELEASE.jar:/Users/halx/.m2/repository/org/aspectj/aspectjweaver/1.8.13/aspectjweaver-1.8.13.jar:/Users/halx/.m2/repository/org/springframework/boot/spring-boot-starter-jdbc/2.0.4.RELEASE/spring-boot-starter-jdbc-2.0.4.RELEASE.jar:/Users/halx/.m2/repository/com/zaxxer/HikariCP/2.7.9/HikariCP-2.7.9.jar:/Users/halx/.m2/repository/org/springframework/spring-jdbc/5.0.8.RELEASE/spring-jdbc-5.0.8.RELEASE.jar:/Users/halx/.m2/repository/org/hibernate/hibernate-core/5.2.17.Final/hibernate-core-5.2.17.Final.jar:/Users/halx/.m2/repository/org/jboss/logging/jboss-logging/3.3.2.Final/jboss-logging-3.3.2.Final.jar:/Users/halx/.m2/repository/org/hibernate/javax/persistence/hibernate-jpa-2.1-api/1.0.2.Final/hibernate-jpa-2.1-api-1.0.2.Final.jar:/Users/halx/.m2/repository/org/javassist/javassist/3.22.0-GA/javassist-3.22.0-GA.jar:/Users/halx/.m2/repository/antlr/antlr/2.7.7/antlr-2.7.7.jar:/Users/halx/.m2/repository/org/jboss/jandex/2.0.3.Final/jandex-2.0.3.Final.jar:/Users/halx/.m2/repository/com/fasterxml/classmate/1.3.4/classmate-1.3.4.jar:/Users/halx/.m2/repository/dom4j/dom4j/1.6.1/dom4j-1.6.1.jar:/Users/halx/.m2/repository/org/hibernate/common/hibernate-commons-annotations/5.0.1.Final/hibernate-commons-annotations-5.0.1.Final.jar:/Users/halx/.m2/repository/javax/transaction/javax.transaction-api/1.2/javax.transaction-api-1.2.jar:/Users/halx/.m2/repository/org/springframework/data/spring-data-jpa/2.0.9.RELEASE/spring-data-jpa-2.0.9.RELEASE.jar:/Users/halx/.m2/repository/org/springframework/data/spring-data-commons/2.0.9.RELEASE/spring-data-commons-2.0.9.RELEASE.jar:/Users/halx/.m2/repository/org/springframework/spring-orm/5.0.8.RELEASE/spring-orm-5.0.8.RELEASE.jar:/Users/halx/.m2/repository/org/springframework/spring-context/5.0.8.RELEASE/spring-context-5.0.8.RELEASE.jar:/Users/halx/.m2/repository/org/springframework/spring-tx/5.0.8.RELEASE/spring-tx-5.0.8.RELEASE.jar:/Users/halx/.m2/repository/org/springframework/spring-beans/5.0.8.RELEASE/spring-beans-5.0.8.RELEASE.jar:/Users/halx/.m2/repository/org/slf4j/slf4j-api/1.7.25/slf4j-api-1.7.25.jar:/Users/halx/.m2/repository/org/springframework/spring-aspects/5.0.8.RELEASE/spring-aspects-5.0.8.RELEASE.jar:/Users/halx/.m2/repository/org/springframework/boot/spring-boot-starter-web/2.0.4.RELEASE/spring-boot-starter-web-2.0.4.RELEASE.jar:/Users/halx/.m2/repository/org/springframework/boot/spring-boot-starter-json/2.0.4.RELEASE/spring-boot-starter-json-2.0.4.RELEASE.jar:/Users/halx/.m2/repository/com/fasterxml/jackson/core/jackson-databind/2.9.6/jackson-databind-2.9.6.jar:/Users/halx/.m2/repository/com/fasterxml/jackson/core/jackson-annotations/2.9.0/jackson-annotations-2.9.0.jar:/Users/halx/.m2/repository/com/fasterxml/jackson/core/jackson-core/2.9.6/jackson-core-2.9.6.jar:/Users/halx/.m2/repository/com/fasterxml/jackson/datatype/jackson-datatype-jdk8/2.9.6/jackson-datatype-jdk8-2.9.6.jar:/Users/halx/.m2/repository/com/fasterxml/jackson/datatype/jackson-datatype-jsr310/2.9.6/jackson-datatype-jsr310-2.9.6.jar:/Users/halx/.m2/repository/com/fasterxml/jackson/module/jackson-module-parameter-names/2.9.6/jackson-module-parameter-names-2.9.6.jar:/Users/halx/.m2/repository/org/springframework/boot/spring-boot-starter-tomcat/2.0.4.RELEASE/spring-boot-starter-tomcat-2.0.4.RELEASE.jar:/Users/halx/.m2/repository/org/apache/tomcat/embed/tomcat-embed-core/8.5.32/tomcat-embed-core-8.5.32.jar:/Users/halx/.m2/repository/org/apache/tomcat/embed/tomcat-embed-el/8.5.32/tomcat-embed-el-8.5.32.jar:/Users/halx/.m2/repository/org/apache/tomcat/embed/tomcat-embed-websocket/8.5.32/tomcat-embed-websocket-8.5.32.jar:/Users/halx/.m2/repository/org/hibernate/validator/hibernate-validator/6.0.11.Final/hibernate-validator-6.0.11.Final.jar:/Users/halx/.m2/repository/javax/validation/validation-api/2.0.1.Final/validation-api-2.0.1.Final.jar:/Users/halx/.m2/repository/org/springframework/spring-web/5.0.8.RELEASE/spring-web-5.0.8.RELEASE.jar:/Users/halx/.m2/repository/org/springframework/spring-webmvc/5.0.8.RELEASE/spring-webmvc-5.0.8.RELEASE.jar:/Users/halx/.m2/repository/org/springframework/spring-expression/5.0.8.RELEASE/spring-expression-5.0.8.RELEASE.jar:/Users/halx/.m2/repository/org/postgresql/postgresql/42.2.4/postgresql-42.2.4.jar:/Users/halx/.m2/repository/org/springframework/boot/spring-boot-starter-test/2.0.4.RELEASE/spring-boot-starter-test-2.0.4.RELEASE.jar:/Users/halx/.m2/repository/org/springframework/boot/spring-boot-test/2.0.4.RELEASE/spring-boot-test-2.0.4.RELEASE.jar:/Users/halx/.m2/repository/org/springframework/boot/spring-boot-test-autoconfigure/2.0.4.RELEASE/spring-boot-test-autoconfigure-2.0.4.RELEASE.jar:/Users/halx/.m2/repository/com/jayway/jsonpath/json-path/2.4.0/json-path-2.4.0.jar:/Users/halx/.m2/repository/net/minidev/json-smart/2.3/json-smart-2.3.jar:/Users/halx/.m2/repository/net/minidev/accessors-smart/1.2/accessors-smart-1.2.jar:/Users/halx/.m2/repository/org/ow2/asm/asm/5.0.4/asm-5.0.4.jar:/Users/halx/.m2/repository/junit/junit/4.12/junit-4.12.jar:/Users/halx/.m2/repository/org/assertj/assertj-core/3.9.1/assertj-core-3.9.1.jar:/Users/halx/.m2/repository/org/mockito/mockito-core/2.15.0/mockito-core-2.15.0.jar:/Users/halx/.m2/repository/net/bytebuddy/byte-buddy/1.7.11/byte-buddy-1.7.11.jar:/Users/halx/.m2/repository/net/bytebuddy/byte-buddy-agent/1.7.11/byte-buddy-agent-1.7.11.jar:/Users/halx/.m2/repository/org/objenesis/objenesis/2.6/objenesis-2.6.jar:/Users/halx/.m2/repository/org/hamcrest/hamcrest-core/1.3/hamcrest-core-1.3.jar:/Users/halx/.m2/repository/org/hamcrest/hamcrest-library/1.3/hamcrest-library-1.3.jar:/Users/halx/.m2/repository/org/skyscreamer/jsonassert/1.5.0/jsonassert-1.5.0.jar:/Users/halx/.m2/repository/com/vaadin/external/google/android-json/0.0.20131108.vaadin1/android-json-0.0.20131108.vaadin1.jar:/Users/halx/.m2/repository/org/springframework/spring-core/5.0.8.RELEASE/spring-core-5.0.8.RELEASE.jar:/Users/halx/.m2/repository/org/springframework/spring-jcl/5.0.8.RELEASE/spring-jcl-5.0.8.RELEASE.jar:/Users/halx/.m2/repository/org/springframework/spring-test/5.0.8.RELEASE/spring-test-5.0.8.RELEASE.jar:/Users/halx/.m2/repository/org/xmlunit/xmlunit-core/2.5.1/xmlunit-core-2.5.1.jar:/Users/halx/.m2/repository/org/projectlombok/lombok/1.16.22/lombok-1.16.22.jar:, java.specification.name=Java Platform API Specification, java.class.version=52.0, sun.management.compiler=HotSpot 64-Bit Tiered Compilers, os.version=10.14, http.nonProxyHosts=local|*.local|169.254/16|*.169.254/16, user.home=/Users/halx, user.timezone=Europe/Paris, java.awt.printerjob=sun.lwawt.macosx.CPrinterJob, file.encoding=UTF-8, java.specification.version=1.8, java.class.path=/Users/halx/workspace/listMyStuffs/target/test-classes:/Users/halx/workspace/listMyStuffs/target/classes:/Users/halx/.m2/repository/org/springframework/boot/spring-boot-starter-data-jpa/2.0.4.RELEASE/spring-boot-starter-data-jpa-2.0.4.RELEASE.jar:/Users/halx/.m2/repository/org/springframework/boot/spring-boot-starter/2.0.4.RELEASE/spring-boot-starter-2.0.4.RELEASE.jar:/Users/halx/.m2/repository/org/springframework/boot/spring-boot/2.0.4.RELEASE/spring-boot-2.0.4.RELEASE.jar:/Users/halx/.m2/repository/org/springframework/boot/spring-boot-autoconfigure/2.0.4.RELEASE/spring-boot-autoconfigure-2.0.4.RELEASE.jar:/Users/halx/.m2/repository/org/springframework/boot/spring-boot-starter-logging/2.0.4.RELEASE/spring-boot-starter-logging-2.0.4.RELEASE.jar:/Users/halx/.m2/repository/ch/qos/logback/logback-classic/1.2.3/logback-classic-1.2.3.jar:/Users/halx/.m2/repository/ch/qos/logback/logback-core/1.2.3/logback-core-1.2.3.jar:/Users/halx/.m2/repository/org/apache/logging/log4j/log4j-to-slf4j/2.10.0/log4j-to-slf4j-2.10.0.jar:/Users/halx/.m2/repository/org/apache/logging/log4j/log4j-api/2.10.0/log4j-api-2.10.0.jar:/Users/halx/.m2/repository/org/slf4j/jul-to-slf4j/1.7.25/jul-to-slf4j-1.7.25.jar:/Users/halx/.m2/repository/javax/annotation/javax.annotation-api/1.3.2/javax.annotation-api-1.3.2.jar:/Users/halx/.m2/repository/org/yaml/snakeyaml/1.19/snakeyaml-1.19.jar:/Users/halx/.m2/repository/org/springframework/boot/spring-boot-starter-aop/2.0.4.RELEASE/spring-boot-starter-aop-2.0.4.RELEASE.jar:/Users/halx/.m2/repository/org/springframework/spring-aop/5.0.8.RELEASE/spring-aop-5.0.8.RELEASE.jar:/Users/halx/.m2/repository/org/aspectj/aspectjweaver/1.8.13/aspectjweaver-1.8.13.jar:/Users/halx/.m2/repository/org/springframework/boot/spring-boot-starter-jdbc/2.0.4.RELEASE/spring-boot-starter-jdbc-2.0.4.RELEASE.jar:/Users/halx/.m2/repository/com/zaxxer/HikariCP/2.7.9/HikariCP-2.7.9.jar:/Users/halx/.m2/repository/org/springframework/spring-jdbc/5.0.8.RELEASE/spring-jdbc-5.0.8.RELEASE.jar:/Users/halx/.m2/repository/org/hibernate/hibernate-core/5.2.17.Final/hibernate-core-5.2.17.Final.jar:/Users/halx/.m2/repository/org/jboss/logging/jboss-logging/3.3.2.Final/jboss-logging-3.3.2.Final.jar:/Users/halx/.m2/repository/org/hibernate/javax/persistence/hibernate-jpa-2.1-api/1.0.2.Final/hibernate-jpa-2.1-api-1.0.2.Final.jar:/Users/halx/.m2/repository/org/javassist/javassist/3.22.0-GA/javassist-3.22.0-GA.jar:/Users/halx/.m2/repository/antlr/antlr/2.7.7/antlr-2.7.7.jar:/Users/halx/.m2/repository/org/jboss/jandex/2.0.3.Final/jandex-2.0.3.Final.jar:/Users/halx/.m2/repository/com/fasterxml/classmate/1.3.4/classmate-1.3.4.jar:/Users/halx/.m2/repository/dom4j/dom4j/1.6.1/dom4j-1.6.1.jar:/Users/halx/.m2/repository/org/hibernate/common/hibernate-commons-annotations/5.0.1.Final/hibernate-commons-annotations-5.0.1.Final.jar:/Users/halx/.m2/repository/javax/transaction/javax.transaction-api/1.2/javax.transaction-api-1.2.jar:/Users/halx/.m2/repository/org/springframework/data/spring-data-jpa/2.0.9.RELEASE/spring-data-jpa-2.0.9.RELEASE.jar:/Users/halx/.m2/repository/org/springframework/data/spring-data-commons/2.0.9.RELEASE/spring-data-commons-2.0.9.RELEASE.jar:/Users/halx/.m2/repository/org/springframework/spring-orm/5.0.8.RELEASE/spring-orm-5.0.8.RELEASE.jar:/Users/halx/.m2/repository/org/springframework/spring-context/5.0.8.RELEASE/spring-context-5.0.8.RELEASE.jar:/Users/halx/.m2/repository/org/springframework/spring-tx/5.0.8.RELEASE/spring-tx-5.0.8.RELEASE.jar:/Users/halx/.m2/repository/org/springframework/spring-beans/5.0.8.RELEASE/spring-beans-5.0.8.RELEASE.jar:/Users/halx/.m2/repository/org/slf4j/slf4j-api/1.7.25/slf4j-api-1.7.25.jar:/Users/halx/.m2/repository/org/springframework/spring-aspects/5.0.8.RELEASE/spring-aspects-5.0.8.RELEASE.jar:/Users/halx/.m2/repository/org/springframework/boot/spring-boot-starter-web/2.0.4.RELEASE/spring-boot-starter-web-2.0.4.RELEASE.jar:/Users/halx/.m2/repository/org/springframework/boot/spring-boot-starter-json/2.0.4.RELEASE/spring-boot-starter-json-2.0.4.RELEASE.jar:/Users/halx/.m2/repository/com/fasterxml/jackson/core/jackson-databind/2.9.6/jackson-databind-2.9.6.jar:/Users/halx/.m2/repository/com/fasterxml/jackson/core/jackson-annotations/2.9.0/jackson-annotations-2.9.0.jar:/Users/halx/.m2/repository/com/fasterxml/jackson/core/jackson-core/2.9.6/jackson-core-2.9.6.jar:/Users/halx/.m2/repository/com/fasterxml/jackson/datatype/jackson-datatype-jdk8/2.9.6/jackson-datatype-jdk8-2.9.6.jar:/Users/halx/.m2/repository/com/fasterxml/jackson/datatype/jackson-datatype-jsr310/2.9.6/jackson-datatype-jsr310-2.9.6.jar:/Users/halx/.m2/repository/com/fasterxml/jackson/module/jackson-module-parameter-names/2.9.6/jackson-module-parameter-names-2.9.6.jar:/Users/halx/.m2/repository/org/springframework/boot/spring-boot-starter-tomcat/2.0.4.RELEASE/spring-boot-starter-tomcat-2.0.4.RELEASE.jar:/Users/halx/.m2/repository/org/apache/tomcat/embed/tomcat-embed-core/8.5.32/tomcat-embed-core-8.5.32.jar:/Users/halx/.m2/repository/org/apache/tomcat/embed/tomcat-embed-el/8.5.32/tomcat-embed-el-8.5.32.jar:/Users/halx/.m2/repository/org/apache/tomcat/embed/tomcat-embed-websocket/8.5.32/tomcat-embed-websocket-8.5.32.jar:/Users/halx/.m2/repository/org/hibernate/validator/hibernate-validator/6.0.11.Final/hibernate-validator-6.0.11.Final.jar:/Users/halx/.m2/repository/javax/validation/validation-api/2.0.1.Final/validation-api-2.0.1.Final.jar:/Users/halx/.m2/repository/org/springframework/spring-web/5.0.8.RELEASE/spring-web-5.0.8.RELEASE.jar:/Users/halx/.m2/repository/org/springframework/spring-webmvc/5.0.8.RELEASE/spring-webmvc-5.0.8.RELEASE.jar:/Users/halx/.m2/repository/org/springframework/spring-expression/5.0.8.RELEASE/spring-expression-5.0.8.RELEASE.jar:/Users/halx/.m2/repository/org/postgresql/postgresql/42.2.4/postgresql-42.2.4.jar:/Users/halx/.m2/repository/org/springframework/boot/spring-boot-starter-test/2.0.4.RELEASE/spring-boot-starter-test-2.0.4.RELEASE.jar:/Users/halx/.m2/repository/org/springframework/boot/spring-boot-test/2.0.4.RELEASE/spring-boot-test-2.0.4.RELEASE.jar:/Users/halx/.m2/repository/org/springframework/boot/spring-boot-test-autoconfigure/2.0.4.RELEASE/spring-boot-test-autoconfigure-2.0.4.RELEASE.jar:/Users/halx/.m2/repository/com/jayway/jsonpath/json-path/2.4.0/json-path-2.4.0.jar:/Users/halx/.m2/repository/net/minidev/json-smart/2.3/json-smart-2.3.jar:/Users/halx/.m2/repository/net/minidev/accessors-smart/1.2/accessors-smart-1.2.jar:/Users/halx/.m2/repository/org/ow2/asm/asm/5.0.4/asm-5.0.4.jar:/Users/halx/.m2/repository/junit/junit/4.12/junit-4.12.jar:/Users/halx/.m2/repository/org/assertj/assertj-core/3.9.1/assertj-core-3.9.1.jar:/Users/halx/.m2/repository/org/mockito/mockito-core/2.15.0/mockito-core-2.15.0.jar:/Users/halx/.m2/repository/net/bytebuddy/byte-buddy/1.7.11/byte-buddy-1.7.11.jar:/Users/halx/.m2/repository/net/bytebuddy/byte-buddy-agent/1.7.11/byte-buddy-agent-1.7.11.jar:/Users/halx/.m2/repository/org/objenesis/objenesis/2.6/objenesis-2.6.jar:/Users/halx/.m2/repository/org/hamcrest/hamcrest-core/1.3/hamcrest-core-1.3.jar:/Users/halx/.m2/repository/org/hamcrest/hamcrest-library/1.3/hamcrest-library-1.3.jar:/Users/halx/.m2/repository/org/skyscreamer/jsonassert/1.5.0/jsonassert-1.5.0.jar:/Users/halx/.m2/repository/com/vaadin/external/google/android-json/0.0.20131108.vaadin1/android-json-0.0.20131108.vaadin1.jar:/Users/halx/.m2/repository/org/springframework/spring-core/5.0.8.RELEASE/spring-core-5.0.8.RELEASE.jar:/Users/halx/.m2/repository/org/springframework/spring-jcl/5.0.8.RELEASE/spring-jcl-5.0.8.RELEASE.jar:/Users/halx/.m2/repository/org/springframework/spring-test/5.0.8.RELEASE/spring-test-5.0.8.RELEASE.jar:/Users/halx/.m2/repository/org/xmlunit/xmlunit-core/2.5.1/xmlunit-core-2.5.1.jar:/Users/halx/.m2/repository/org/projectlombok/lombok/1.16.22/lombok-1.16.22.jar:, user.name=halx, java.vm.specification.version=1.8, sun.java.command=/Users/halx/workspace/listMyStuffs/target/surefire/surefirebooter8511351661616246789.jar /Users/halx/workspace/listMyStuffs/target/surefire 2018-11-01T18-18-09_181-jvmRun1 surefire7028142700713081182tmp surefire_03013746209605479893tmp, java.home=/Library/Java/JavaVirtualMachines/jdk1.8.0_144.jdk/Contents/Home/jre, sun.arch.data.model=64, user.language=fr, java.specification.vendor=Oracle Corporation, awt.toolkit=sun.lwawt.macosx.LWCToolkit, java.vm.info=mixed mode, java.version=1.8.0_144, java.ext.dirs=/Users/halx/Library/Java/Extensions:/Library/Java/JavaVirtualMachines/jdk1.8.0_144.jdk/Contents/Home/jre/lib/ext:/Library/Java/Extensions:/Network/Library/Java/Extensions:/System/Library/Java/Extensions:/usr/lib/java, sun.boot.class.path=/Library/Java/JavaVirtualMachines/jdk1.8.0_144.jdk/Contents/Home/jre/lib/resources.jar:/Library/Java/JavaVirtualMachines/jdk1.8.0_144.jdk/Contents/Home/jre/lib/rt.jar:/Library/Java/JavaVirtualMachines/jdk1.8.0_144.jdk/Contents/Home/jre/lib/sunrsasign.jar:/Library/Java/JavaVirtualMachines/jdk1.8.0_144.jdk/Contents/Home/jre/lib/jsse.jar:/Library/Java/JavaVirtualMachines/jdk1.8.0_144.jdk/Contents/Home/jre/lib/jce.jar:/Library/Java/JavaVirtualMachines/jdk1.8.0_144.jdk/Contents/Home/jre/lib/charsets.jar:/Library/Java/JavaVirtualMachines/jdk1.8.0_144.jdk/Contents/Home/jre/lib/jfr.jar:/Library/Java/JavaVirtualMachines/jdk1.8.0_144.jdk/Contents/Home/jre/classes, java.vendor=Oracle Corporation, localRepository=/Users/halx/.m2/repository, file.separator=/, java.vendor.url.bug=http://bugreport.sun.com/bugreport/, sun.io.unicode.encoding=UnicodeBig, sun.cpu.endian=little, socksNonProxyHosts=local|*.local|169.254/16|*.169.254/16, ftp.nonProxyHosts=local|*.local|169.254/16|*.169.254/16, sun.cpu.isalist=}}, SystemEnvironmentPropertySource@1943325854 {name='systemEnvironment', properties={PATH=/usr/local/bin:/usr/bin:/bin:/usr/sbin:/sbin, SHELL=/bin/bash, JAVA_MAIN_CLASS_2450=org.codehaus.classworlds.Launcher, JAVA_MAIN_CLASS_2452=org.apache.maven.surefire.booter.ForkedBooter, OLDPWD=/Users/halx/workspace/listMyStuffs, VERSIONER_PYTHON_PREFER_32_BIT=no, USER=halx, COMMAND_MODE=unix2003, TMPDIR=/var/folders/bh/zf62b885659_y32rk3d1gq200000gn/T/, SSH_AUTH_SOCK=/private/tmp/com.apple.launchd.wXoizjDTvi/Listeners, XPC_FLAGS=0x0, VERSIONER_PYTHON_VERSION=2.7, __CF_USER_TEXT_ENCODING=0x1F5:0x0:0x1, Apple_PubSub_Socket_Render=/private/tmp/com.apple.launchd.jytglHf8CB/Render, LOGNAME=halx, LC_CTYPE=fr_FR.UTF-8, XPC_SERVICE_NAME=0, PWD=/Users/halx/workspace/listMyStuffs, HOME=/Users/halx, SHLVL=1, _=/Library/Java/JavaVirtualMachines/jdk1.8.0_144.jdk/Contents/Home/jre/bin/java}}]
18:18:09.968 [main] DEBUG org.springframework.core.io.support.PathMatchingResourcePatternResolver - Resolved classpath location [org/halx/listMyStuffs/] to resources [URL [file:/Users/halx/workspace/listMyStuffs/target/test-classes/org/halx/listMyStuffs/], URL [file:/Users/halx/workspace/listMyStuffs/target/classes/org/halx/listMyStuffs/]]
18:18:09.969 [main] DEBUG org.springframework.core.io.support.PathMatchingResourcePatternResolver - Looking for matching resources in directory tree [/Users/halx/workspace/listMyStuffs/target/test-classes/org/halx/listMyStuffs]
18:18:09.969 [main] DEBUG org.springframework.core.io.support.PathMatchingResourcePatternResolver - Searching directory [/Users/halx/workspace/listMyStuffs/target/test-classes/org/halx/listMyStuffs] for files matching pattern [/Users/halx/workspace/listMyStuffs/target/test-classes/org/halx/listMyStuffs/*.class]
18:18:09.972 [main] DEBUG org.springframework.core.io.support.PathMatchingResourcePatternResolver - Looking for matching resources in directory tree [/Users/halx/workspace/listMyStuffs/target/classes/org/halx/listMyStuffs]
18:18:09.972 [main] DEBUG org.springframework.core.io.support.PathMatchingResourcePatternResolver - Searching directory [/Users/halx/workspace/listMyStuffs/target/classes/org/halx/listMyStuffs] for files matching pattern [/Users/halx/workspace/listMyStuffs/target/classes/org/halx/listMyStuffs/*.class]
18:18:09.974 [main] DEBUG org.springframework.core.io.support.PathMatchingResourcePatternResolver - Resolved location pattern [classpath*:org/halx/listMyStuffs/*.class] to resources [file [/Users/halx/workspace/listMyStuffs/target/test-classes/org/halx/listMyStuffs/ListMyStuffsApplicationTests.class], file [/Users/halx/workspace/listMyStuffs/target/classes/org/halx/listMyStuffs/ListMyStuffsApplication.class], file [/Users/halx/workspace/listMyStuffs/target/classes/org/halx/listMyStuffs/LoadDatabase.class], file [/Users/halx/workspace/listMyStuffs/target/classes/org/halx/listMyStuffs/MyConfiguration.class]]
18:18:10.035 [main] DEBUG org.springframework.context.annotation.ClassPathScanningCandidateComponentProvider - Identified candidate component class: file [/Users/halx/workspace/listMyStuffs/target/classes/org/halx/listMyStuffs/ListMyStuffsApplication.class]
18:18:10.038 [main] INFO org.springframework.boot.test.context.SpringBootTestContextBootstrapper - Found @SpringBootConfiguration org.halx.listMyStuffs.ListMyStuffsApplication for test class org.halx.listMyStuffs.ListMyStuffsApplicationTests
18:18:10.144 [main] DEBUG org.springframework.boot.test.context.SpringBootTestContextBootstrapper - @TestExecutionListeners is not present for class [org.halx.listMyStuffs.ListMyStuffsApplicationTests]: using defaults.
18:18:10.144 [main] INFO org.springframework.boot.test.context.SpringBootTestContextBootstrapper - Loaded default TestExecutionListener class names from location [META-INF/spring.factories]: [org.springframework.boot.test.mock.mockito.MockitoTestExecutionListener, org.springframework.boot.test.mock.mockito.ResetMocksTestExecutionListener, org.springframework.boot.test.autoconfigure.restdocs.RestDocsTestExecutionListener, org.springframework.boot.test.autoconfigure.web.client.MockRestServiceServerResetTestExecutionListener, org.springframework.boot.test.autoconfigure.web.servlet.MockMvcPrintOnlyOnFailureTestExecutionListener, org.springframework.boot.test.autoconfigure.web.servlet.WebDriverTestExecutionListener, org.springframework.test.context.web.ServletTestExecutionListener, org.springframework.test.context.support.DirtiesContextBeforeModesTestExecutionListener, org.springframework.test.context.support.DependencyInjectionTestExecutionListener, org.springframework.test.context.support.DirtiesContextTestExecutionListener, org.springframework.test.context.transaction.TransactionalTestExecutionListener, org.springframework.test.context.jdbc.SqlScriptsTestExecutionListener]
18:18:10.158 [main] INFO org.springframework.boot.test.context.SpringBootTestContextBootstrapper - Using TestExecutionListeners: [org.springframework.test.context.web.ServletTestExecutionListener@408d971b, org.springframework.test.context.support.DirtiesContextBeforeModesTestExecutionListener@6c6cb480, org.springframework.boot.test.mock.mockito.MockitoTestExecutionListener@3c46e67a, org.springframework.boot.test.autoconfigure.SpringBootDependencyInjectionTestExecutionListener@c730b35, org.springframework.test.context.support.DirtiesContextTestExecutionListener@206a70ef, org.springframework.test.context.transaction.TransactionalTestExecutionListener@292b08d6, org.springframework.test.context.jdbc.SqlScriptsTestExecutionListener@22555ebf, org.springframework.boot.test.mock.mockito.ResetMocksTestExecutionListener@36ebc363, org.springframework.boot.test.autoconfigure.restdocs.RestDocsTestExecutionListener@45752059, org.springframework.boot.test.autoconfigure.web.client.MockRestServiceServerResetTestExecutionListener@34e9fd99, org.springframework.boot.test.autoconfigure.web.servlet.MockMvcPrintOnlyOnFailureTestExecutionListener@3c41ed1d, org.springframework.boot.test.autoconfigure.web.servlet.WebDriverTestExecutionListener@54d9d12d]
18:18:10.160 [main] DEBUG org.springframework.test.annotation.ProfileValueUtils - Retrieved @ProfileValueSourceConfiguration [null] for test class [org.halx.listMyStuffs.ListMyStuffsApplicationTests]
18:18:10.161 [main] DEBUG org.springframework.test.annotation.ProfileValueUtils - Retrieved ProfileValueSource type [class org.springframework.test.annotation.SystemProfileValueSource] for class [org.halx.listMyStuffs.ListMyStuffsApplicationTests]
18:18:10.162 [main] DEBUG org.springframework.test.annotation.ProfileValueUtils - Retrieved @ProfileValueSourceConfiguration [null] for test class [org.halx.listMyStuffs.ListMyStuffsApplicationTests]
18:18:10.162 [main] DEBUG org.springframework.test.annotation.ProfileValueUtils - Retrieved ProfileValueSource type [class org.springframework.test.annotation.SystemProfileValueSource] for class [org.halx.listMyStuffs.ListMyStuffsApplicationTests]
18:18:10.162 [main] DEBUG org.springframework.test.annotation.ProfileValueUtils - Retrieved @ProfileValueSourceConfiguration [null] for test class [org.halx.listMyStuffs.ListMyStuffsApplicationTests]
18:18:10.162 [main] DEBUG org.springframework.test.annotation.ProfileValueUtils - Retrieved ProfileValueSource type [class org.springframework.test.annotation.SystemProfileValueSource] for class [org.halx.listMyStuffs.ListMyStuffsApplicationTests]
]]></system-out>
  </testcase>
</testsuite>